2018-01-27T12:34:58.575079-05:00 - debug
2018-01-27T12:34:58.575130-05:00 - info
2018-01-27T12:34:58.575160-05:00 - warn
2018-01-27T12:34:58.575187-05:00 - error
2018-01-27T12:34:59.271056-05:00 - trace
2018-01-27T12:34:59.271685-05:00 - debug
2018-01-27T12:34:59.271721-05:00 - info
2018-01-27T12:34:59.271752-05:00 - warn
2018-01-27T12:34:59.271782-05:00 - error
2018-01-27T12:34:59.962231-05:00 - trace
2018-01-27T12:34:59.962730-05:00 - debug
2018-01-27T12:34:59.962763-05:00 - info
2018-01-27T12:34:59.962791-05:00 - warn
2018-01-27T12:34:59.962818-05:00 - error
2018-01-27T12:35:00.652987-05:00 - trace
2018-01-27T12:35:00.653585-05:00 - debug
2018-01-27T12:35:00.653620-05:00 - info
2018-01-27T12:35:00.653649-05:00 - warn
2018-01-27T12:35:00.653677-05:00 - error
2018-01-27T12:35:01.348262-05:00 - trace
2018-01-27T12:35:01.348857-05:00 - debug
2018-01-27T12:35:01.348893-05:00 - info
2018-01-27T12:35:01.348924-05:00 - warn
2018-01-27T12:35:01.348955-05:00 - error
2018-01-27T12:35:02.043383-05:00 - trace
2018-01-27T12:35:02.044044-05:00 - debug
2018-01-27T12:35:02.044078-05:00 - info
2018-01-27T12:35:02.044107-05:00 - warn
2018-01-27T12:35:02.044136-05:00 - error
